This file contains any messages produced by compilers while
running configure, to aid debugging if configure makes a mistake.

It was created by Samtools configure 1.16.1, which was
generated by GNU Autoconf 2.69.  Invocation command line was

  $ ./configure --prefix=/home/Tools/samtools

## --------- ##
## Platform. ##
## --------- ##

hostname = DESKTOP-58KDS94
uname -m = x86_64
uname -r = 3.3.6-341.x86_64
uname -s = CYGWIN_NT-10.0-19044
uname -v = 2022-09-05 11:15 UTC

/usr/bin/uname -p = unknown
/bin/uname -X     = unknown

/bin/arch              = x86_64
/usr/bin/arch -k       = unknown
/usr/convex/getsysinfo = unknown
/usr/bin/hostinfo      = unknown
/bin/machine           = unknown
/usr/bin/oslevel       = unknown
/bin/universe          = unknown

PATH: /usr/local/jdk1.8.0_351/bin
PATH: /usr/local/bin
PATH: /usr/bin
PATH: /cygdrive/c/Program Files/AdoptOpenJDK/jdk-11.0.7.10-hotspot/bin
PATH: /cygdrive/d/program/MEGA6
PATH: /cygdrive/c/Program Files/NVIDIA GPU Computing Toolkit/CUDA/v10.1/libnvvp
PATH: /cygdrive/c/Program Files (x86)/Common Files/Oracle/Java/javapath
PATH: /cygdrive/c/ProgramData/Oracle/Java/javapath
PATH: /cygdrive/c/Perl64/site/bin
PATH: /cygdrive/c/Perl64/bin
PATH: /cygdrive/c/Windows/system32
PATH: /cygdrive/c/Windows
PATH: /cygdrive/c/Windows/System32/Wbem
PATH: /cygdrive/c/Windows/System32/WindowsPowerShell/v1.0
PATH: /cygdrive/c/Windows/System32/OpenSSH
PATH: /cygdrive/c/Program Files/Java/jdk1.8.0_60/bin
PATH: /cygdrive/c/Program Files/Java/jdk1.8.0_60/jre/bin
PATH: /cygdrive/d/program/Scrcpy_GUI_byCZ_V1.6.0/platform-tools_r30.0.3-windows/platform-tools
PATH: /cygdrive/d/program/Scrcpy_GUI_byCZ_V1.6.0/scrcpy-win64-v1.10
PATH: /cygdrive/c/Program Files (x86)/NVIDIA Corporation/PhysX/Common
PATH: /cygdrive/c/Program Files/NVIDIA Corporation/NVIDIA NvDLISR
PATH: /cygdrive/c/Program Files/NVIDIA GPU Computing Toolkit/CUDA/v10.1/bin
PATH: /cygdrive/c/Program Files/NVIDIA Corporation/NVSMI
PATH: /cygdrive/c/Program Files/NVIDIA Corporation/Nsight Compute 2019.3.0
PATH: /cygdrive/c/WINDOWS/system32
PATH: /cygdrive/c/WINDOWS
PATH: /cygdrive/c/WINDOWS/System32/Wbem
PATH: /cygdrive/c/WINDOWS/System32/WindowsPowerShell/v1.0
PATH: /cygdrive/c/WINDOWS/System32/OpenSSH
PATH: /cygdrive/c/Program Files/Common Files/Autodesk Shared
PATH: /cygdrive/c/Program Files (x86)/Autodesk/Backburner
PATH: /cygdrive/d/program/anaconda
PATH: /cygdrive/d/program/anaconda/Library/mingw-w64/bin
PATH: /cygdrive/d/program/anaconda/Library/usr/bin
PATH: /cygdrive/d/program/anaconda/Library/bin
PATH: /cygdrive/d/program/anaconda/Scripts
PATH: /cygdrive/c/Program Files/Java/jdk1.8.0_60
PATH: /cygdrive/c/Users/Zhu M/AppData/Local/Programs/Python/Python38/Scripts
PATH: /cygdrive/c/Users/Zhu M/AppData/Local/Programs/Python/Python38
PATH: /cygdrive/c/Users/Zhu M/AppData/Local/Microsoft/WindowsApps
PATH: /cygdrive/c/Program Files/Bandizip
PATH: /cygdrive/c/JAVA_HOME/bin
PATH: /cygdrive/c/Program Files/JetBrains/PyCharm 2020.1.2/bin
PATH: /cygdrive/c/Program Files/JetBrains/PyCharm Community Edition 2020.1.3/bin
PATH: /cygdrive/c/Users/Zhu M/AppData/Local/GitHubDesktop/bin


## ----------- ##
## Core tests. ##
## ----------- ##

configure:2164: checking for gawk
configure:2180: found /usr/bin/gawk
configure:2191: result: gawk
configure:2250: checking for gcc
configure:2266: found /usr/bin/gcc
configure:2277: result: gcc
configure:2506: checking for C compiler version
configure:2515: gcc --version >&5
gcc (GCC) 11.2.0
Copyright (C) 2021 Free Software Foundation, Inc.
This is free software; see the source for copying conditions.  There is NO
warranty; not even for MERCHANTABILITY or FITNESS FOR A PARTICULAR PURPOSE.

configure:2526: $? = 0
configure:2515: gcc -v >&5
Using built-in specs.
COLLECT_GCC=gcc
COLLECT_LTO_WRAPPER=/usr/lib/gcc/x86_64-pc-cygwin/11/lto-wrapper.exe
Target: x86_64-pc-cygwin
Configured with: /mnt/share/cygpkgs/gcc/gcc.x86_64/src/gcc-11.2.0/configure --srcdir=/mnt/share/cygpkgs/gcc/gcc.x86_64/src/gcc-11.2.0 --prefix=/usr --exec-prefix=/usr --localstatedir=/var --sysconfdir=/etc --docdir=/usr/share/doc/gcc --htmldir=/usr/share/doc/gcc/html -C --build=x86_64-pc-cygwin --host=x86_64-pc-cygwin --target=x86_64-pc-cygwin --without-libiconv-prefix --without-libintl-prefix --libexecdir=/usr/lib --with-gcc-major-version-only --enable-shared --enable-shared-libgcc --enable-static --enable-version-specific-runtime-libs --enable-bootstrap --enable-__cxa_atexit --with-dwarf2 --with-tune=generic --disable-bootstrap --enable-languages=c,c++,fortran,lto,objc,obj-c++,jit --enable-graphite --enable-threads=posix --enable-libatomic --enable-libgomp --enable-libquadmath --enable-libquadmath-support --disable-libssp --enable-libada --disable-symvers --with-gnu-ld --with-gnu-as --with-cloog-include=/usr/include/cloog-isl --without-libiconv-prefix --without-libintl-prefix --with-system-zlib --enable-linker-build-id --with-default-libstdcxx-abi=gcc4-compatible --enable-libstdcxx-filesystem-ts
Thread model: posix
Supported LTO compression algorithms: zlib zstd
gcc version 11.2.0 (GCC) 
configure:2526: $? = 0
configure:2515: gcc -V >&5
gcc: error: unrecognized command-line option '-V'
gcc: fatal error: no input files
compilation terminated.
configure:2526: $? = 1
configure:2515: gcc -qversion >&5
gcc: error: unrecognized command-line option '-qversion'; did you mean '--version'?
gcc: fatal error: no input files
compilation terminated.
configure:2526: $? = 1
configure:2546: checking whether the C compiler works
configure:2568: gcc    conftest.c  >&5
configure:2572: $? = 0
configure:2620: result: yes
configure:2623: checking for C compiler default output file name
configure:2625: result: a.exe
configure:2631: checking for suffix of executables
configure:2638: gcc -o conftest.exe    conftest.c  >&5
configure:2642: $? = 0
configure:2664: result: .exe
configure:2686: checking whether we are cross compiling
configure:2694: gcc -o conftest.exe    conftest.c  >&5
configure:2698: $? = 0
configure:2705: ./conftest.exe
configure:2709: $? = 0
configure:2724: result: no
configure:2729: checking for suffix of object files
configure:2751: gcc -c   conftest.c >&5
configure:2755: $? = 0
configure:2776: result: o
configure:2780: checking whether we are using the GNU C compiler
configure:2799: gcc -c   conftest.c >&5
configure:2799: $? = 0
configure:2808: result: yes
configure:2817: checking whether gcc accepts -g
configure:2837: gcc -c -g  conftest.c >&5
configure:2837: $? = 0
configure:2878: result: yes
configure:2895: checking for gcc option to accept ISO C89
configure:2958: gcc  -c -g -O2  conftest.c >&5
configure:2958: $? = 0
configure:2971: result: none needed
configure:2992: checking for grep that handles long lines and -e
configure:3050: result: /usr/bin/grep
configure:3075: checking for C compiler warning flags
configure:3187: result: -Wall
configure:3281: checking for special C compiler options needed for large files
configure:3326: result: no
configure:3332: checking for _FILE_OFFSET_BITS value needed for large files
configure:3357: gcc -c  -Wall -g -O2  conftest.c >&5
configure:3357: $? = 0
configure:3389: result: no
configure:3524: checking location of HTSlib source tree
configure:3545: result: htslib-1.16
configure:3782: checking for NcursesW wide-character library
configure:3806: gcc -o conftest.exe  -Wall -g -O2   conftest.c  -lncursesw >&5
/usr/lib/gcc/x86_64-pc-cygwin/11/../../../../x86_64-pc-cygwin/bin/ld: cannot find -lncursesw: No such file or directory
collect2: error: ld returned 1 exit status
configure:3806: $? = 1
configure: failed program was:
| /* confdefs.h */
| #define PACKAGE_NAME "Samtools"
| #define PACKAGE_TARNAME "samtools"
| #define PACKAGE_VERSION "1.16.1"
| #define PACKAGE_STRING "Samtools 1.16.1"
| #define PACKAGE_BUGREPORT "samtools-help@lists.sourceforge.net"
| #define PACKAGE_URL "http://www.htslib.org/"
| /* end confdefs.h.  */
| 
| /* Override any GCC internal prototype to avoid an error.
|    Use char because int might match the return type of a GCC
|    builtin and then its argument prototype would still apply.  */
| #ifdef __cplusplus
| extern "C"
| #endif
| char initscr ();
| int
| main ()
| {
| return initscr ();
|   ;
|   return 0;
| }
configure:3815: result: no
configure:4105: checking for Ncurses library
configure:4129: gcc -o conftest.exe  -Wall -g -O2   conftest.c  -lncurses >&5
/usr/lib/gcc/x86_64-pc-cygwin/11/../../../../x86_64-pc-cygwin/bin/ld: cannot find -lncurses: No such file or directory
collect2: error: ld returned 1 exit status
configure:4129: $? = 1
configure: failed program was:
| /* confdefs.h */
| #define PACKAGE_NAME "Samtools"
| #define PACKAGE_TARNAME "samtools"
| #define PACKAGE_VERSION "1.16.1"
| #define PACKAGE_STRING "Samtools 1.16.1"
| #define PACKAGE_BUGREPORT "samtools-help@lists.sourceforge.net"
| #define PACKAGE_URL "http://www.htslib.org/"
| /* end confdefs.h.  */
| 
| /* Override any GCC internal prototype to avoid an error.
|    Use char because int might match the return type of a GCC
|    builtin and then its argument prototype would still apply.  */
| #ifdef __cplusplus
| extern "C"
| #endif
| char initscr ();
| int
| main ()
| {
| return initscr ();
|   ;
|   return 0;
| }
configure:4138: result: no
configure:4306: checking for Curses library
configure:4330: gcc -o conftest.exe  -Wall -g -O2   conftest.c  -lcurses >&5
/usr/lib/gcc/x86_64-pc-cygwin/11/../../../../x86_64-pc-cygwin/bin/ld: cannot find -lcurses: No such file or directory
collect2: error: ld returned 1 exit status
configure:4330: $? = 1
configure: failed program was:
| /* confdefs.h */
| #define PACKAGE_NAME "Samtools"
| #define PACKAGE_TARNAME "samtools"
| #define PACKAGE_VERSION "1.16.1"
| #define PACKAGE_STRING "Samtools 1.16.1"
| #define PACKAGE_BUGREPORT "samtools-help@lists.sourceforge.net"
| #define PACKAGE_URL "http://www.htslib.org/"
| /* end confdefs.h.  */
| 
| /* Override any GCC internal prototype to avoid an error.
|    Use char because int might match the return type of a GCC
|    builtin and then its argument prototype would still apply.  */
| #ifdef __cplusplus
| extern "C"
| #endif
| char initscr ();
| int
| main ()
| {
| return initscr ();
|   ;
|   return 0;
| }
configure:4339: result: no
configure:4652: error: curses development files not found

The 'samtools tview' command uses the curses text user interface library.
Building samtools with tview requires curses/ncurses/etc development files
to be installed on the build machine; you may need to ensure a package such
as libncurses5-dev (on Debian or Ubuntu Linux) or ncurses-devel (on RPM-based
Linux distributions) is installed.

FAILED.  Either configure --without-curses or resolve this error to build
samtools successfully.

## ---------------- ##
## Cache variables. ##
## ---------------- ##

ac_cv_c_compiler_gnu=yes
ac_cv_env_CC_set=
ac_cv_env_CC_value=
ac_cv_env_CFLAGS_set=
ac_cv_env_CFLAGS_value=
ac_cv_env_CPPFLAGS_set=
ac_cv_env_CPPFLAGS_value=
ac_cv_env_CURSES_LIB_set=
ac_cv_env_CURSES_LIB_value=
ac_cv_env_LDFLAGS_set=
ac_cv_env_LDFLAGS_value=
ac_cv_env_LIBS_set=
ac_cv_env_LIBS_value=
ac_cv_env_build_alias_set=
ac_cv_env_build_alias_value=
ac_cv_env_host_alias_set=
ac_cv_env_host_alias_value=
ac_cv_env_target_alias_set=
ac_cv_env_target_alias_value=
ac_cv_exeext=.exe
ac_cv_objext=o
ac_cv_path_GREP=/usr/bin/grep
ac_cv_prog_AWK=gawk
ac_cv_prog_ac_ct_CC=gcc
ac_cv_prog_cc_c89=
ac_cv_prog_cc_g=yes
ac_cv_sys_file_offset_bits=no
ac_cv_sys_largefile_CC=no
ax_cv_curses=no
ax_cv_curses_color=no
ax_cv_curses_enhanced=no
ax_cv_curses_obsolete=no
ax_cv_curses_which=no
ax_cv_htslib=yes
ax_cv_htslib_which=source
ax_cv_ncurses=no
ax_cv_ncursesw=no
ax_cv_plaincurses=no
hts_cv_prog_cc_warnings=-Wall

## ----------------- ##
## Output variables. ##
## ----------------- ##

AWK='gawk'
CC='gcc'
CFLAGS=' -Wall -g -O2'
CPPFLAGS=''
CURSES_LIB=''
DEFS=''
ECHO_C=''
ECHO_N='-n'
ECHO_T=''
EXEEXT='.exe'
GREP='/usr/bin/grep'
HTSDIR='htslib-1.16'
HTSLIB_CPPFLAGS='-Ihtslib-1.16'
HTSLIB_LDFLAGS='-Lhtslib-1.16'
Hinstall='#'
Hsource=''
LDFLAGS=''
LIBOBJS=''
LIBS=''
LTLIBOBJS=''
OBJEXT='o'
PACKAGE_BUGREPORT='samtools-help@lists.sourceforge.net'
PACKAGE_NAME='Samtools'
PACKAGE_STRING='Samtools 1.16.1'
PACKAGE_TARNAME='samtools'
PACKAGE_URL='http://www.htslib.org/'
PACKAGE_VERSION='1.16.1'
PATH_SEPARATOR=':'
SHELL='/bin/sh'
ac_ct_CC='gcc'
bindir='${exec_prefix}/bin'
build_alias=''
datadir='${datarootdir}'
datarootdir='${prefix}/share'
docdir='${datarootdir}/doc/${PACKAGE_TARNAME}'
dvidir='${docdir}'
exec_prefix='NONE'
host_alias=''
htmldir='${docdir}'
includedir='${prefix}/include'
infodir='${datarootdir}/info'
libdir='${exec_prefix}/lib'
libexecdir='${exec_prefix}/libexec'
localedir='${datarootdir}/locale'
localstatedir='${prefix}/var'
mandir='${datarootdir}/man'
oldincludedir='/usr/include'
pdfdir='${docdir}'
prefix='/home/Tools/samtools'
program_transform_name='s,x,x,'
psdir='${docdir}'
runstatedir='${localstatedir}/run'
sbindir='${exec_prefix}/sbin'
sharedstatedir='${prefix}/com'
subdirs=' htslib-1.16'
sysconfdir='${prefix}/etc'
target_alias=''

## ----------- ##
## confdefs.h. ##
## ----------- ##

/* confdefs.h */
#define PACKAGE_NAME "Samtools"
#define PACKAGE_TARNAME "samtools"
#define PACKAGE_VERSION "1.16.1"
#define PACKAGE_STRING "Samtools 1.16.1"
#define PACKAGE_BUGREPORT "samtools-help@lists.sourceforge.net"
#define PACKAGE_URL "http://www.htslib.org/"

configure: exit 1
